This is pdfTeX, Version 3.141592653-2.6-1.40.24 (MiKTeX 22.10) (preloaded format=pdflatex 2022.12.19)  3 JUN 2023 20:30
entering extended mode
 restricted \write18 enabled.
 %&-line parsing enabled.
**./sample-sigconf.tex
(sample-sigconf.tex
LaTeX2e <2022-06-01> patch level 5
L3 programming layer <2022-09-28> (acmart.cls
Document Class: acmart 2021/05/01 v1.78 Typesetting articles for the Associatio
n for Computing Machinery

(C:\Users\idris_attal\AppData\Local\Programs\MiKTeX\tex/latex/xkeyval\xkeyval.s
ty
Package: xkeyval 2022/06/16 v2.9 package option processing (HA)

(C:\Users\idris_attal\AppData\Local\Programs\MiKTeX\tex/generic/xkeyval\xkeyval
.tex
(C:\Users\idris_attal\AppData\Local\Programs\MiKTeX\tex/generic/xkeyval\xkvutil
s.tex
\XKV@toks=\toks16
\XKV@tempa@toks=\toks17

(C:\Users\idris_attal\AppData\Local\Programs\MiKTeX\tex/generic/xkeyval\keyval.
tex))
\XKV@depth=\count185
File: xkeyval.tex 2014/12/03 v2.7a key=value parser (HA)
))
(C:\Users\idris_attal\AppData\Local\Programs\MiKTeX\tex/latex/xstring\xstring.s
ty
(C:\Users\idris_attal\AppData\Local\Programs\MiKTeX\tex/generic/xstring\xstring
.tex
\integerpart=\count186
\decimalpart=\count187
)
Package: xstring 2021/07/21 v1.84 String manipulations (CT)
)
(C:\Users\idris_attal\AppData\Local\Programs\MiKTeX\tex/generic/iftex\iftex.sty
Package: iftex 2022/02/03 v1.0f TeX engine tests
)
Package acmart Info: Not using screen mode on input line 73.
Package acmart Info: Using breaking urls on hyphens on input line 81.
Package acmart Info: Requiring acmthm on input line 89.
Package acmart Info: Not using review mode on input line 98.
Package acmart Info: Not using authorversion mode on input line 106.
Package acmart Info: Not using nonacm mode on input line 118.
Package acmart Info: Explicitly selecting natbib mode on input line 134.
Package acmart Info: Not using anonymous mode on input line 142.
Package acmart Info: Not using timestamp mode on input line 150.
Package acmart Info: Not using authordraft mode on input line 160.
Package acmart Info: Using nonacm mode on input line 169.
Class acmart Info: Using format sigconf, number 4 on input line 169.
Class acmart Info: Using fontsize 9pt on input line 253.

(C:\Users\idris_attal\AppData\Local\Programs\MiKTeX\tex/latex/amscls\amsart.cls
Document Class: amsart 2020/05/29 v2.20.6
\linespacing=\dimen138
\normalparindent=\dimen139
\normaltopskip=\skip47

(C:\Users\idris_attal\AppData\Local\Programs\MiKTeX\tex/latex/amsmath\amsmath.s
ty
Package: amsmath 2022/04/08 v2.17n AMS math features
\@mathmargin=\skip48

For additional information on amsmath, use the `?' option.

(C:\Users\idris_attal\AppData\Local\Programs\MiKTeX\tex/latex/amsmath\amstext.s
ty
Package: amstext 2021/08/26 v2.01 AMS text

(C:\Users\idris_attal\AppData\Local\Programs\MiKTeX\tex/latex/amsmath\amsgen.st
y
File: amsgen.sty 1999/11/30 v2.0 generic functions
\@emptytoks=\toks18
\ex@=\dimen140
))
(C:\Users\idris_attal\AppData\Local\Programs\MiKTeX\tex/latex/amsmath\amsbsy.st
y
Package: amsbsy 1999/11/29 v1.2d Bold Symbols
\pmbraise@=\dimen141
)
(C:\Users\idris_attal\AppData\Local\Programs\MiKTeX\tex/latex/amsmath\amsopn.st
y
Package: amsopn 2022/04/08 v2.04 operator names
)
\inf@bad=\count188
LaTeX Info: Redefining \frac on input line 234.
\uproot@=\count189
\leftroot@=\count190
LaTeX Info: Redefining \overline on input line 399.
LaTeX Info: Redefining \colon on input line 410.
\classnum@=\count191
\DOTSCASE@=\count192
LaTeX Info: Redefining \ldots on input line 496.
LaTeX Info: Redefining \dots on input line 499.
LaTeX Info: Redefining \cdots on input line 620.
\Mathstrutbox@=\box51
\strutbox@=\box52
LaTeX Info: Redefining \big on input line 722.
LaTeX Info: Redefining \Big on input line 723.
LaTeX Info: Redefining \bigg on input line 724.
LaTeX Info: Redefining \Bigg on input line 725.
\big@size=\dimen142
LaTeX Font Info:    Redeclaring font encoding OML on input line 743.
LaTeX Font Info:    Redeclaring font encoding OMS on input line 744.
\macc@depth=\count193
LaTeX Info: Redefining \bmod on input line 905.
LaTeX Info: Redefining \pmod on input line 910.
LaTeX Info: Redefining \smash on input line 940.
LaTeX Info: Redefining \relbar on input line 970.
LaTeX Info: Redefining \Relbar on input line 971.
\c@MaxMatrixCols=\count194
\dotsspace@=\muskip16
\c@parentequation=\count195
\dspbrk@lvl=\count196
\tag@help=\toks19
\row@=\count197
\column@=\count198
\maxfields@=\count199
\andhelp@=\toks20
\eqnshift@=\dimen143
\alignsep@=\dimen144
\tagshift@=\dimen145
\tagwidth@=\dimen146
\totwidth@=\dimen147
\lineht@=\dimen148
\@envbody=\toks21
\multlinegap=\skip49
\multlinetaggap=\skip50
\mathdisplay@stack=\toks22
LaTeX Info: Redefining \[ on input line 2953.
LaTeX Info: Redefining \] on input line 2954.
)
LaTeX Font Info:    Trying to load font information for U+msa on input line 397
.

(C:\Users\idris_attal\AppData\Local\Programs\MiKTeX\tex/latex/amsfonts\umsa.fd
File: umsa.fd 2013/01/14 v3.01 AMS symbols A
)
(C:\Users\idris_attal\AppData\Local\Programs\MiKTeX\tex/latex/amsfonts\amsfonts
.sty
Package: amsfonts 2013/01/14 v3.01 Basic AMSFonts support
\symAMSa=\mathgroup4
\symAMSb=\mathgroup5
LaTeX Font Info:    Redeclaring math symbol \hbar on input line 98.
LaTeX Font Info:    Overwriting math alphabet `\mathfrak' in version `bold'
(Font)                  U/euf/m/n --> U/euf/b/n on input line 106.
)
\copyins=\insert252
\abstractbox=\box53
\listisep=\skip51
\c@part=\count266
\c@section=\count267
\c@subsection=\count268
\c@subsubsection=\count269
\c@paragraph=\count270
\c@subparagraph=\count271
\c@figure=\count272
\c@table=\count273
\abovecaptionskip=\skip52
\belowcaptionskip=\skip53
\captionindent=\dimen149
\thm@style=\toks23
\thm@bodyfont=\toks24
\thm@headfont=\toks25
\thm@notefont=\toks26
\thm@headpunct=\toks27
\thm@preskip=\skip54
\thm@postskip=\skip55
\thm@headsep=\skip56
\dth@everypar=\toks28
)
(C:\Users\idris_attal\AppData\Local\Programs\MiKTeX\tex/latex/microtype\microty
pe.sty
Package: microtype 2022/06/23 v3.0f Micro-typographical refinements (RS)

(C:\Users\idris_attal\AppData\Local\Programs\MiKTeX\tex/latex/etoolbox\etoolbox
.sty
Package: etoolbox 2020/10/05 v2.5k e-TeX tools for LaTeX (JAW)
\etb@tempcnta=\count274
)
\MT@toks=\toks29
\MT@tempbox=\box54
\MT@count=\count275
LaTeX Info: Redefining \noprotrusionifhmode on input line 1045.
LaTeX Info: Redefining \leftprotrusion on input line 1046.
LaTeX Info: Redefining \rightprotrusion on input line 1056.
LaTeX Info: Redefining \textls on input line 1234.
\MT@outer@kern=\dimen150
LaTeX Info: Redefining \textmicrotypecontext on input line 1858.
\MT@listname@count=\count276

(C:\Users\idris_attal\AppData\Local\Programs\MiKTeX\tex/latex/microtype\microty
pe-pdftex.def
File: microtype-pdftex.def 2022/06/23 v3.0f Definitions specific to pdftex (RS)

LaTeX Info: Redefining \lsstyle on input line 900.
LaTeX Info: Redefining \lslig on input line 900.
\MT@outer@space=\skip57
)
Package microtype Info: Loading configuration file microtype.cfg.

(C:\Users\idris_attal\AppData\Local\Programs\MiKTeX\tex/latex/microtype\microty
pe.cfg
File: microtype.cfg 2022/06/23 v3.0f microtype main configuration file (RS)
))
(C:\Users\idris_attal\AppData\Local\Programs\MiKTeX\tex/latex/booktabs\booktabs
.sty
Package: booktabs 2020/01/12 v1.61803398 Publication quality tables
\heavyrulewidth=\dimen151
\lightrulewidth=\dimen152
\cmidrulewidth=\dimen153
\belowrulesep=\dimen154
\belowbottomsep=\dimen155
\aboverulesep=\dimen156
\abovetopsep=\dimen157
\cmidrulesep=\dimen158
\cmidrulekern=\dimen159
\defaultaddspace=\dimen160
\@cmidla=\count277
\@cmidlb=\count278
\@aboverulesep=\dimen161
\@belowrulesep=\dimen162
\@thisruleclass=\count279
\@lastruleclass=\count280
\@thisrulewidth=\dimen163
)
(C:\Users\idris_attal\AppData\Local\Programs\MiKTeX\tex/latex/refcount\refcount
.sty
Package: refcount 2019/12/15 v3.6 Data extraction from label references (HO)

(C:\Users\idris_attal\AppData\Local\Programs\MiKTeX\tex/generic/ltxcmds\ltxcmds
.sty
Package: ltxcmds 2020-05-10 v1.25 LaTeX kernel commands for general use (HO)
)
(C:\Users\idris_attal\AppData\Local\Programs\MiKTeX\tex/generic/infwarerr\infwa
rerr.sty
Package: infwarerr 2019/12/03 v1.5 Providing info/warning/error messages (HO)
))
(C:\Users\idris_attal\AppData\Local\Programs\MiKTeX\tex/latex/totpages\totpages
.sty
Package: totpages 2005/09/19 v2.00 Totpages Package (muewi)

(C:\Users\idris_attal\AppData\Local\Programs\MiKTeX\tex/latex/everyshi\everyshi
.sty
Package: everyshi 2020/11/18 v4.00 EveryShipout Package
))
(C:\Users\idris_attal\AppData\Local\Programs\MiKTeX\tex/latex/environ\environ.s
ty
Package: environ 2014/05/04 v0.3 A new way to define environments

(C:\Users\idris_attal\AppData\Local\Programs\MiKTeX\tex/latex/trimspaces\trimsp
aces.sty
Package: trimspaces 2009/09/17 v1.1 Trim spaces around a token list
))
(C:\Users\idris_attal\AppData\Local\Programs\MiKTeX\tex/latex/textcase\textcase
.sty
Package: textcase 2022/07/10 v1.03 Text only upper/lower case changing (DPC)
Package textcase Info: Defining Legacy names on input line 20.
)
(C:\Users\idris_attal\AppData\Local\Programs\MiKTeX\tex/latex/natbib\natbib.sty
Package: natbib 2010/09/13 8.31b (PWD, AO)
\bibhang=\skip58
\bibsep=\skip59
LaTeX Info: Redefining \cite on input line 694.
\c@NAT@ctr=\count281
)
(C:\Users\idris_attal\AppData\Local\Programs\MiKTeX\tex/latex/hyperxmp\hyperxmp
.sty
Package: hyperxmp 2020/11/22 v5.9 Store hyperref metadata in XMP format
\hyxmp@aep@toks=\toks30

(C:\Users\idris_attal\AppData\Local\Programs\MiKTeX\tex/latex/kvoptions\kvoptio
ns.sty
Package: kvoptions 2022-06-15 v3.15 Key value format for package options (HO)

(C:\Users\idris_attal\AppData\Local\Programs\MiKTeX\tex/latex/kvsetkeys\kvsetke
ys.sty
Package: kvsetkeys 2022-10-05 v1.19 Key value parser (HO)
))
(C:\Users\idris_attal\AppData\Local\Programs\MiKTeX\tex/generic/pdfescape\pdfes
cape.sty
Package: pdfescape 2019/12/09 v1.15 Implements pdfTeX's escape features (HO)

(C:\Users\idris_attal\AppData\Local\Programs\MiKTeX\tex/generic/pdftexcmds\pdft
excmds.sty
Package: pdftexcmds 2020-06-27 v0.33 Utility functions of pdfTeX for LuaTeX (HO
)
Package pdftexcmds Info: \pdf@primitive is available.
Package pdftexcmds Info: \pdf@ifprimitive is available.
Package pdftexcmds Info: \pdfdraftmode found.
))
(C:\Users\idris_attal\AppData\Local\Programs\MiKTeX\tex/generic/stringenc\strin
genc.sty
Package: stringenc 2019/11/29 v1.12 Convert strings between diff. encodings (HO
)
)
(C:\Users\idris_attal\AppData\Local\Programs\MiKTeX\tex/generic/intcalc\intcalc
.sty
Package: intcalc 2019/12/15 v1.3 Expandable calculations with integers (HO)
)
(C:\Users\idris_attal\AppData\Local\Programs\MiKTeX\tex/latex/ifmtarg\ifmtarg.s
ty
Package: ifmtarg 2018/04/16 v1.2b check for an empty argument
)
(C:\Users\idris_attal\AppData\Local\Programs\MiKTeX\tex/latex/base\ifthen.sty
Package: ifthen 2022/04/13 v1.1d Standard LaTeX ifthen package (DPC)
)
(C:\Users\idris_attal\AppData\Local\Programs\MiKTeX\tex/latex/oberdiek\ifdraft.
sty
Package: ifdraft 2016/05/16 v1.4 Detect class options draft and final (HO)
)
(C:\Users\idris_attal\AppData\Local\Programs\MiKTeX\tex/generic/iftex\ifluatex.
sty
Package: ifluatex 2019/10/25 v1.5 ifluatex legacy package. Use iftex instead.
))
(C:\Users\idris_attal\AppData\Local\Programs\MiKTeX\tex/latex/hyperref\hyperref
.sty
Package: hyperref 2022-09-22 v7.00t Hypertext links for LaTeX

(C:\Users\idris_attal\AppData\Local\Programs\MiKTeX\tex/generic/kvdefinekeys\kv
definekeys.sty
Package: kvdefinekeys 2019-12-19 v1.6 Define keys (HO)
)
(C:\Users\idris_attal\AppData\Local\Programs\MiKTeX\tex/latex/hycolor\hycolor.s
ty
Package: hycolor 2020-01-27 v1.10 Color options for hyperref/bookmark (HO)
)
(C:\Users\idris_attal\AppData\Local\Programs\MiKTeX\tex/latex/letltxmacro\letlt
xmacro.sty
Package: letltxmacro 2019/12/03 v1.6 Let assignment for LaTeX macros (HO)
)
(C:\Users\idris_attal\AppData\Local\Programs\MiKTeX\tex/latex/auxhook\auxhook.s
ty
Package: auxhook 2019-12-17 v1.6 Hooks for auxiliary files (HO)
)
(C:\Users\idris_attal\AppData\Local\Programs\MiKTeX\tex/latex/hyperref\nameref.
sty
Package: nameref 2022-05-17 v2.50 Cross-referencing by name of section

(C:\Users\idris_attal\AppData\Local\Programs\MiKTeX\tex/generic/gettitlestring\
gettitlestring.sty
Package: gettitlestring 2019/12/15 v1.6 Cleanup title references (HO)
)
\c@section@level=\count282
)
\@linkdim=\dimen164
\Hy@linkcounter=\count283
\Hy@pagecounter=\count284

(C:\Users\idris_attal\AppData\Local\Programs\MiKTeX\tex/latex/hyperref\pd1enc.d
ef
File: pd1enc.def 2022-09-22 v7.00t Hyperref: PDFDocEncoding definition (HO)
Now handling font encoding PD1 ...
... no UTF-8 mapping file for font encoding PD1
)
(C:\Users\idris_attal\AppData\Local\Programs\MiKTeX\tex/generic/etexcmds\etexcm
ds.sty
Package: etexcmds 2019/12/15 v1.7 Avoid name clashes with e-TeX commands (HO)
)
\Hy@SavedSpaceFactor=\count285

(C:\Users\idris_attal\AppData\Local\Programs\MiKTeX\tex/latex/hyperref\puenc.de
f
File: puenc.def 2022-09-22 v7.00t Hyperref: PDF Unicode definition (HO)
Now handling font encoding PU ...
... no UTF-8 mapping file for font encoding PU
)
Package hyperref Info: Option `bookmarksnumbered' set `true' on input line 4045
.
Package hyperref Info: Option `unicode' set `true' on input line 4045.
Package hyperref Info: Hyper figures OFF on input line 4162.
Package hyperref Info: Link nesting OFF on input line 4167.
Package hyperref Info: Hyper index ON on input line 4170.
Package hyperref Info: Plain pages OFF on input line 4177.
Package hyperref Info: Backreferencing OFF on input line 4182.
Package hyperref Info: Implicit mode ON; LaTeX internals redefined.
\stockwidth=\dimen165
\stockheight=\dimen166
Package hyperref Info: Bookmarks ON on input line 4410.
\c@Hy@tempcnt=\count286
 (C:\Users\idris_attal\AppData\Local\Programs\MiKTeX\tex/latex/url\url.sty
\Urlmuskip=\muskip17
Package: url 2013/09/16  ver 3.4  Verb mode for urls, etc.
)
LaTeX Info: Redefining \url on input line 4748.
\XeTeXLinkMargin=\dimen167

(C:\Users\idris_attal\AppData\Local\Programs\MiKTeX\tex/generic/bitset\bitset.s
ty
Package: bitset 2019/12/09 v1.3 Handle bit-vector datatype (HO)

(C:\Users\idris_attal\AppData\Local\Programs\MiKTeX\tex/generic/bigintcalc\bigi
ntcalc.sty
Package: bigintcalc 2019/12/15 v1.5 Expandable calculations on big integers (HO
)
))
\Fld@menulength=\count287
\Field@Width=\dimen168
\Fld@charsize=\dimen169
Package hyperref Info: Hyper figures OFF on input line 6027.
Package hyperref Info: Link nesting OFF on input line 6032.
Package hyperref Info: Hyper index ON on input line 6035.
Package hyperref Info: backreferencing OFF on input line 6042.
Package hyperref Info: Link coloring OFF on input line 6047.
Package hyperref Info: Link coloring with OCG OFF on input line 6052.
Package hyperref Info: PDF/A mode OFF on input line 6057.

(C:\Users\idris_attal\AppData\Local\Programs\MiKTeX\tex/latex/base\atbegshi-ltx
.sty
Package: atbegshi-ltx 2021/01/10 v1.0c Emulation of the original atbegshi
package with kernel methods
)
\Hy@abspage=\count288
\c@Item=\count289
\c@Hfootnote=\count290
)
Package hyperref Info: Driver (autodetected): hpdftex.

(C:\Users\idris_attal\AppData\Local\Programs\MiKTeX\tex/latex/hyperref\hpdftex.
def
File: hpdftex.def 2022-09-22 v7.00t Hyperref driver for pdfTeX

(C:\Users\idris_attal\AppData\Local\Programs\MiKTeX\tex/latex/base\atveryend-lt
x.sty
Package: atveryend-ltx 2020/08/19 v1.0a Emulation of the original atveryend pac
kage
with kernel methods
)
\Fld@listcount=\count291
\c@bookmark@seq@number=\count292

(C:\Users\idris_attal\AppData\Local\Programs\MiKTeX\tex/latex/rerunfilecheck\re
runfilecheck.sty
Package: rerunfilecheck 2022-07-10 v1.10 Rerun checks for auxiliary files (HO)

(C:\Users\idris_attal\AppData\Local\Programs\MiKTeX\tex/generic/uniquecounter\u
niquecounter.sty
Package: uniquecounter 2019/12/15 v1.4 Provide unlimited unique counter (HO)
)
Package uniquecounter Info: New unique counter `rerunfilecheck' on input line 2
85.
)
\Hy@SectionHShift=\skip60
)
(C:\Users\idris_attal\AppData\Local\Programs\MiKTeX\tex/latex/graphics\graphicx
.sty
Package: graphicx 2021/09/16 v1.2d Enhanced LaTeX Graphics (DPC,SPQR)

(C:\Users\idris_attal\AppData\Local\Programs\MiKTeX\tex/latex/graphics\graphics
.sty
Package: graphics 2022/03/10 v1.4e Standard LaTeX Graphics (DPC,SPQR)

(C:\Users\idris_attal\AppData\Local\Programs\MiKTeX\tex/latex/graphics\trig.sty
Package: trig 2021/08/11 v1.11 sin cos tan (DPC)
)
(C:\Users\idris_attal\AppData\Local\Programs\MiKTeX\tex/latex/graphics-cfg\grap
hics.cfg
File: graphics.cfg 2016/06/04 v1.11 sample graphics configuration
)
Package graphics Info: Driver file: pdftex.def on input line 107.

(C:\Users\idris_attal\AppData\Local\Programs\MiKTeX\tex/latex/graphics-def\pdft
ex.def
File: pdftex.def 2022/09/22 v1.2b Graphics/color driver for pdftex
))
\Gin@req@height=\dimen170
\Gin@req@width=\dimen171
)
(C:\Users\idris_attal\AppData\Local\Programs\MiKTeX\tex/latex/xcolor\xcolor.sty
Package: xcolor 2022/06/12 v2.14 LaTeX color extensions (UK)

(C:\Users\idris_attal\AppData\Local\Programs\MiKTeX\tex/latex/graphics-cfg\colo
r.cfg
File: color.cfg 2016/01/02 v1.6 sample color configuration
)
Package xcolor Info: Driver file: pdftex.def on input line 227.

(C:\Users\idris_attal\AppData\Local\Programs\MiKTeX\tex/latex/graphics\mathcolo
r.ltx)
Package xcolor Info: Model `cmy' substituted by `cmy0' on input line 1353.
Package xcolor Info: Model `hsb' substituted by `rgb' on input line 1357.
Package xcolor Info: Model `RGB' extended on input line 1369.
Package xcolor Info: Model `HTML' substituted by `rgb' on input line 1371.
Package xcolor Info: Model `Hsb' substituted by `hsb' on input line 1372.
Package xcolor Info: Model `tHsb' substituted by `hsb' on input line 1373.
Package xcolor Info: Model `HSB' substituted by `hsb' on input line 1374.
Package xcolor Info: Model `Gray' substituted by `gray' on input line 1375.
Package xcolor Info: Model `wave' substituted by `hsb' on input line 1376.
)
(C:\Users\idris_attal\AppData\Local\Programs\MiKTeX\tex/latex/geometry\geometry
.sty
Package: geometry 2020/01/02 v5.9 Page Geometry

(C:\Users\idris_attal\AppData\Local\Programs\MiKTeX\tex/generic/iftex\ifvtex.st
y
Package: ifvtex 2019/10/25 v1.7 ifvtex legacy package. Use iftex instead.
)
\Gm@cnth=\count293
\Gm@cntv=\count294
\c@Gm@tempcnt=\count295
\Gm@bindingoffset=\dimen172
\Gm@wd@mp=\dimen173
\Gm@odd@mp=\dimen174
\Gm@even@mp=\dimen175
\Gm@layoutwidth=\dimen176
\Gm@layoutheight=\dimen177
\Gm@layouthoffset=\dimen178
\Gm@layoutvoffset=\dimen179
\Gm@dimlist=\toks31

(C:\Users\idris_attal\AppData\Local\Programs\MiKTeX\tex/latex/geometry\geometry
.cfg))
(C:\Users\idris_attal\AppData\Local\Programs\MiKTeX\tex/latex/ncctools\manyfoot
.sty
Package: manyfoot 2019/08/03 v1.11 Many Footnote Levels Package (NCC)

(C:\Users\idris_attal\AppData\Local\Programs\MiKTeX\tex/latex/ncctools\nccfoots
.sty
Package: nccfoots 2005/02/03 v1.2 NCC Footnotes Package (NCC)
)
\MFL@columnwidth=\dimen180
)
\footinsauthorsaddresses=\insert251
\c@footnoteauthorsaddresses=\count296
\footinscopyrightpermission=\insert250
\c@footnotecopyrightpermission=\count297

(C:\Users\idris_attal\AppData\Local\Programs\MiKTeX\tex/generic/pdftex\glyphtou
nicode.tex)
(C:\Users\idris_attal\AppData\Local\Programs\MiKTeX\tex/latex/cmap\cmap.sty
Package: cmap 2021/02/06 v1.0j CMap support: searchable PDF
)
(C:\Users\idris_attal\AppData\Local\Programs\MiKTeX\tex/latex/base\fontenc.sty
Package: fontenc 2021/04/29 v2.0v Standard LaTeX package
<<t1.cmap>>)
(C:\Users\idris_attal\AppData\Local\Programs\MiKTeX\tex/latex/libertine\liberti
ne.sty
Package: libertine 2022/09/12 (Bob Tennent) Supports Libertine and Biolinum fon
ts for all LaTeX engines.

(C:\Users\idris_attal\AppData\Local\Programs\MiKTeX\tex/generic/iftex\ifxetex.s
ty
Package: ifxetex 2019/10/25 v0.7 ifxetex legacy package. Use iftex instead.
)
(C:\Users\idris_attal\AppData\Local\Programs\MiKTeX\tex/latex/base\textcomp.sty
Package: textcomp 2020/02/02 v2.0n Standard LaTeX package
)
(C:\Users\idris_attal\AppData\Local\Programs\MiKTeX\tex/latex/base\fontenc.sty
Package: fontenc 2021/04/29 v2.0v Standard LaTeX package
)
(C:\Users\idris_attal\AppData\Local\Programs\MiKTeX\tex/latex/fontaxes\fontaxes
.sty
Package: fontaxes 2020/07/21 v1.0e Font selection axes
LaTeX Info: Redefining \upshape on input line 29.
LaTeX Info: Redefining \itshape on input line 31.
LaTeX Info: Redefining \slshape on input line 33.
LaTeX Info: Redefining \swshape on input line 35.
LaTeX Info: Redefining \scshape on input line 37.
LaTeX Info: Redefining \sscshape on input line 39.
LaTeX Info: Redefining \ulcshape on input line 41.
LaTeX Info: Redefining \textsw on input line 47.
LaTeX Info: Redefining \textssc on input line 48.
LaTeX Info: Redefining \textulc on input line 49.
)
LaTeX Info: Redefining \oldstylenums on input line 483.

(C:\Users\idris_attal\AppData\Local\Programs\MiKTeX\tex/latex/libertine\LinLibe
rtine_I.tex))
(C:\Users\idris_attal\AppData\Local\Programs\MiKTeX\tex/latex/inconsolata\zi4.s
ty
Package: zi4 2019/05/17 v1.12
 `inconsolata-zi4' v1.12, 2019/05/17 Text macros for Inconsolata (msharpe)
\zifour@ocount=\count298
)
(C:\Users\idris_attal\AppData\Local\Programs\MiKTeX\tex/latex/newtx\newtxmath.s
ty
Package: newtxmath 2022/01/16 v1.71

`newtxmath' v1.71, 2022/01/16 Math macros based originally on txfonts (msharpe)

(C:\Users\idris_attal\AppData\Local\Programs\MiKTeX\tex/latex/oberdiek\centerno
t.sty
Package: centernot 2016/05/16 v1.4 Centers the not symbol horizontally (HO)
)
\tx@cntz=\count299

(C:\Users\idris_attal\AppData\Local\Programs\MiKTeX\tex/generic/binhex\binhex.t
ex)
\tx@Isdigit=\count300
\tx@IsAlNum=\count301
\tx@tA=\toks32
\tx@tB=\toks33
\tx@su=\read2

amsthm NOT loaded
LaTeX Font Info:    Redeclaring symbol font `operators' on input line 376.
LaTeX Font Info:    Overwriting symbol font `operators' in version `normal'
(Font)                  OT1/cmr/m/n --> OT1/LinuxLibertineT-TLF/m/n on input li
ne 376.
LaTeX Font Info:    Overwriting symbol font `operators' in version `bold'
(Font)                  OT1/cmr/bx/n --> OT1/LinuxLibertineT-TLF/m/n on input l
ine 376.
LaTeX Font Info:    Overwriting symbol font `operators' in version `bold'
(Font)                  OT1/LinuxLibertineT-TLF/m/n --> OT1/LinuxLibertineT-TLF
/sb/n on input line 377.
LaTeX Font Info:    Redeclaring math alphabet \mathsf on input line 383.
LaTeX Font Info:    Overwriting math alphabet `\mathsf' in version `normal'
(Font)                  OT1/cmss/m/n --> T1/LinuxBiolinumT-TLF/m/n on input lin
e 383.
LaTeX Font Info:    Overwriting math alphabet `\mathsf' in version `bold'
(Font)                  OT1/cmss/bx/n --> T1/LinuxBiolinumT-TLF/m/n on input li
ne 383.
LaTeX Font Info:    Redeclaring math alphabet \mathit on input line 384.
LaTeX Font Info:    Overwriting math alphabet `\mathit' in version `normal'
(Font)                  OT1/cmr/m/it --> OT1/LinuxLibertineT-TLF/m/it on input 
line 384.
LaTeX Font Info:    Overwriting math alphabet `\mathit' in version `bold'
(Font)                  OT1/cmr/bx/it --> OT1/LinuxLibertineT-TLF/m/it on input
 line 384.
LaTeX Font Info:    Redeclaring math alphabet \mathtt on input line 385.
LaTeX Font Info:    Overwriting math alphabet `\mathtt' in version `normal'
(Font)                  OT1/cmtt/m/n --> T1/zi4/m/n on input line 385.
LaTeX Font Info:    Overwriting math alphabet `\mathtt' in version `bold'
(Font)                  OT1/cmtt/m/n --> T1/zi4/m/n on input line 385.
LaTeX Font Info:    Redeclaring math alphabet \mathbf on input line 387.
LaTeX Font Info:    Overwriting math alphabet `\mathbf' in version `normal'
(Font)                  OT1/cmr/bx/n --> OT1/LinuxLibertineT-TLF/sb/n on input 
line 387.
LaTeX Font Info:    Overwriting math alphabet `\mathbf' in version `bold'
(Font)                  OT1/cmr/bx/n --> OT1/LinuxLibertineT-TLF/sb/n on input 
line 387.
LaTeX Font Info:    Overwriting math alphabet `\mathit' in version `bold'
(Font)                  OT1/LinuxLibertineT-TLF/m/it --> OT1/LinuxLibertineT-TL
F/sb/it on input line 388.
LaTeX Font Info:    Overwriting math alphabet `\mathsf' in version `bold'
(Font)                  T1/LinuxBiolinumT-TLF/m/n --> T1/LinuxBiolinumT-TLF/b/n
 on input line 389.
LaTeX Font Info:    Overwriting math alphabet `\mathtt' in version `bold'
(Font)                  T1/zi4/m/n --> T1/zi4/b/n on input line 390.
LaTeX Font Info:    Redeclaring symbol font `letters' on input line 407.
LaTeX Font Info:    Overwriting symbol font `letters' in version `normal'
(Font)                  OML/cmm/m/it --> OML/nxlmi/m/it on input line 407.
LaTeX Font Info:    Overwriting symbol font `letters' in version `bold'
(Font)                  OML/cmm/b/it --> OML/nxlmi/m/it on input line 407.
LaTeX Font Info:    Overwriting symbol font `letters' in version `bold'
(Font)                  OML/nxlmi/m/it --> OML/nxlmi/b/it on input line 408.
\symlettersA=\mathgroup6
LaTeX Font Info:    Overwriting symbol font `lettersA' in version `bold'
(Font)                  U/ntxmia/m/it --> U/ntxmia/b/it on input line 547.
LaTeX Font Info:    Redeclaring math alphabet \mathfrak on input line 549.
Now handling font encoding LMS ...
... no UTF-8 mapping file for font encoding LMS
LaTeX Font Info:    Redeclaring symbol font `symbols' on input line 568.
LaTeX Font Info:    Encoding `OMS' has changed to `LMS' for symbol font
(Font)              `symbols' in the math version `normal' on input line 568.
LaTeX Font Info:    Overwriting symbol font `symbols' in version `normal'
(Font)                  OMS/cmsy/m/n --> LMS/ntxsy/m/n on input line 568.
LaTeX Font Info:    Encoding `OMS' has changed to `LMS' for symbol font
(Font)              `symbols' in the math version `bold' on input line 568.
LaTeX Font Info:    Overwriting symbol font `symbols' in version `bold'
(Font)                  OMS/cmsy/b/n --> LMS/ntxsy/m/n on input line 568.
LaTeX Font Info:    Overwriting symbol font `symbols' in version `bold'
(Font)                  LMS/ntxsy/m/n --> LMS/ntxsy/b/n on input line 569.
\symAMSm=\mathgroup7
LaTeX Font Info:    Overwriting symbol font `AMSm' in version `bold'
(Font)                  U/ntxsym/m/n --> U/ntxsym/b/n on input line 594.
\symsymbolsC=\mathgroup8
LaTeX Font Info:    Overwriting symbol font `symbolsC' in version `bold'
(Font)                  U/ntxsyc/m/n --> U/ntxsyc/b/n on input line 615.
Now handling font encoding LMX ...
... no UTF-8 mapping file for font encoding LMX
LaTeX Font Info:    Redeclaring symbol font `largesymbols' on input line 628.
LaTeX Font Info:    Encoding `OMX' has changed to `LMX' for symbol font
(Font)              `largesymbols' in the math version `normal' on input line 6
28.
LaTeX Font Info:    Overwriting symbol font `largesymbols' in version `normal'
(Font)                  OMX/cmex/m/n --> LMX/ntxexx/m/n on input line 628.
LaTeX Font Info:    Encoding `OMX' has changed to `LMX' for symbol font
(Font)              `largesymbols' in the math version `bold' on input line 628
.
LaTeX Font Info:    Overwriting symbol font `largesymbols' in version `bold'
(Font)                  OMX/cmex/m/n --> LMX/ntxexx/m/n on input line 628.
LaTeX Font Info:    Overwriting symbol font `largesymbols' in version `bold'
(Font)                  LMX/ntxexx/m/n --> LMX/ntxexx/b/n on input line 629.
\symlargesymbolsTXA=\mathgroup9
LaTeX Font Info:    Overwriting symbol font `largesymbolsTXA' in version `bold'

(Font)                  U/ntxexa/m/n --> U/ntxexa/b/n on input line 643.
\tx@sbptoks=\toks34
LaTeX Font Info:    Redeclaring math delimiter \lfloor on input line 866.
LaTeX Font Info:    Redeclaring math delimiter \rfloor on input line 867.
LaTeX Font Info:    Redeclaring math delimiter \lceil on input line 868.
LaTeX Font Info:    Redeclaring math delimiter \rceil on input line 869.
LaTeX Font Info:    Redeclaring math delimiter \lbrace on input line 870.
LaTeX Font Info:    Redeclaring math delimiter \rbrace on input line 871.
LaTeX Font Info:    Redeclaring math delimiter \langle on input line 872.
LaTeX Font Info:    Redeclaring math delimiter \rangle on input line 874.
LaTeX Font Info:    Redeclaring math delimiter \arrowvert on input line 878.
LaTeX Font Info:    Redeclaring math delimiter \vert on input line 879.
LaTeX Font Info:    Redeclaring math accent \dot on input line 950.
LaTeX Font Info:    Redeclaring math accent \ddot on input line 951.
LaTeX Font Info:    Redeclaring math accent \vec on input line 2020.
LaTeX Info: Redefining \Bbbk on input line 2810.
LaTeX Info: Redefining \not on input line 2959.
LaTeX Info: Redefining \textsquare on input line 2989.
LaTeX Info: Redefining \openbox on input line 2991.
)
(C:\Users\idris_attal\AppData\Local\Programs\MiKTeX\tex/latex/caption\caption.s
ty
Package: caption 2022/03/01 v3.6b Customizing captions (AR)

(C:\Users\idris_attal\AppData\Local\Programs\MiKTeX\tex/latex/caption\caption3.
sty
Package: caption3 2022/03/17 v2.3b caption3 kernel (AR)
\caption@tempdima=\dimen181
\captionmargin=\dimen182
\caption@leftmargin=\dimen183
\caption@rightmargin=\dimen184
\caption@width=\dimen185
\caption@indent=\dimen186
\caption@parindent=\dimen187
\caption@hangindent=\dimen188
Package caption Info: AMS or SMF document class detected.

(C:\Users\idris_attal\AppData\Local\Programs\MiKTeX\tex/latex/caption\caption-a
ms-smf.sto
File: caption-ams-smf.sto 2020/08/22 v2.0 Adaption of the caption package to th
e AMS and SMF document classes (AR)
))
\c@caption@flags=\count302
\c@continuedfloat=\count303
Package caption Info: hyperref package is loaded.
)
(C:\Users\idris_attal\AppData\Local\Programs\MiKTeX\tex/latex/float\float.sty
Package: float 2001/11/08 v1.3d Float enhancements (AL)
\c@float@type=\count304
\float@exts=\toks35
\float@box=\box55
\@float@everytoks=\toks36
\@floatcapt=\box56
)
\@float@every@sidebar=\toks37
\c@sidebar=\count305
\fulltextwidth=\dimen189
\@ACM@labelwidth=\dimen190
\listisep=\skip61
\num@authorgroups=\count306
\num@authors=\count307
\@ACM@badge@width=\skip62
\@ACM@title@width=\skip63
\@ACM@badge@skip=\skip64
Class acmart Info: Printing CCS on input line 1504.
Class acmart Info: Printing bibformat on input line 1504.
Class acmart Info: Suppressing folios on input line 1511.
Class acmart Info: Setting authorsperrow to 0 on input line 1514.

(C:\Users\idris_attal\AppData\Local\Programs\MiKTeX\tex/latex/comment\comment.s
ty
\CommentStream=\write3
 Excluding comment 'comment') Excluding comment 'CCSXML'
\c@@concepts=\count308
\mktitle@bx=\box57
\@ACM@commabox=\box58
\author@bx=\box59
\author@bx@wd=\dimen191
\author@bx@sep=\skip65

(C:\Users\idris_attal\AppData\Local\Programs\MiKTeX\tex/latex/fancyhdr\fancyhdr
.sty
Package: fancyhdr 2022/11/09 v4.1 Extensive control of page headers and footers

\f@nch@headwidth=\skip66
\f@nch@O@elh=\skip67
\f@nch@O@erh=\skip68
\f@nch@O@olh=\skip69
\f@nch@O@orh=\skip70
\f@nch@O@elf=\skip71
\f@nch@O@erf=\skip72
\f@nch@O@olf=\skip73
\f@nch@O@orf=\skip74
)
\@folio@wd=\dimen192
\@folio@ht=\dimen193
\@folio@voffset=\dimen194
 Special comment 'acks'
LaTeX Font Info:    Trying to load font information for T1+LinuxLibertineT-TLF 
on input line 3079.

(C:\Users\idris_attal\AppData\Local\Programs\MiKTeX\tex/latex/libertine\t1linux
libertinet-tlf.fd
File: T1LinuxLibertineT-TLF.fd 2017/03/20 (autoinst) Font definitions for T1/Li
nuxLibertineT-TLF.
)
LaTeX Font Info:    Font shape `T1/LinuxLibertineT-TLF/m/n' will be
(Font)              scaled to size 9.0pt on input line 3079.
)
Package hyperref Info: Option `draft' set `true' on input line 4.

(C:\Users\idris_attal\AppData\Local\Programs\MiKTeX\tex/latex/tools\tabularx.st
y
Package: tabularx 2020/01/15 v2.11c `tabularx' package (DPC)
 (C:\Users\idris_attal\AppData\Local\Programs\MiKTeX\tex/latex/tools\array.sty
Package: array 2022/03/10 v2.5f Tabular extension package (FMi)
\col@sep=\dimen195
\ar@mcellbox=\box60
\extrarowheight=\dimen196
\NC@list=\toks38
\extratabsurround=\skip75
\backup@length=\skip76
\ar@cellbox=\box61
)
\TX@col@width=\dimen197
\TX@old@table=\dimen198
\TX@old@col=\dimen199
\TX@target=\dimen256
\TX@delta=\dimen257
\TX@cols=\count309
\TX@ftn=\toks39
)
Package hyperref Info: Option `pdfdisplaydoctitle' set `true' on input line 34.

\c@theorem=\count310

(C:\Users\idris_attal\AppData\Local\Programs\MiKTeX\tex/latex/preprint\balance.
sty
Package: balance 1999/02/23 4.3 (PWD)
\oldvsize=\dimen258
) Excluding comment 'screenonly' Include comment 'printonly'
Include comment 'anonsuppress'
(C:\Users\idris_attal\AppData\Local\Programs\MiKTeX\tex/latex/l3backend\l3backe
nd-pdftex.def
File: l3backend-pdftex.def 2022-09-28 L3 backend support: PDF output (pdfTeX)
\l__color_backend_stack_int=\count311
\l__pdf_internal_box=\box62
) (sample-sigconf.aux)
\openout1 = `sample-sigconf.aux'.

LaTeX Font Info:    Checking defaults for OML/nxlmi/m/it on input line 34.
LaTeX Font Info:    Trying to load font information for OML+nxlmi on input line
 34.

(C:\Users\idris_attal\AppData\Local\Programs\MiKTeX\tex/latex/newtx\omlnxlmi.fd
File: omlnxlmi.fd 2013/11/19 Fontinst v1.933 font definitions for OML/nxlmi.
)
LaTeX Font Info:    ... okay on input line 34.
LaTeX Font Info:    Checking defaults for OMS/cmsy/m/n on input line 34.
LaTeX Font Info:    ... okay on input line 34.
LaTeX Font Info:    Checking defaults for OT1/cmr/m/n on input line 34.
LaTeX Font Info:    ... okay on input line 34.
LaTeX Font Info:    Checking defaults for T1/cmr/m/n on input line 34.
LaTeX Font Info:    ... okay on input line 34.
LaTeX Font Info:    Checking defaults for TS1/cmr/m/n on input line 34.
LaTeX Font Info:    ... okay on input line 34.
LaTeX Font Info:    Checking defaults for OMX/cmex/m/n on input line 34.
LaTeX Font Info:    ... okay on input line 34.
LaTeX Font Info:    Checking defaults for U/ntxexa/m/n on input line 34.
LaTeX Font Info:    Trying to load font information for U+ntxexa on input line 
34.

(C:\Users\idris_attal\AppData\Local\Programs\MiKTeX\tex/latex/newtx\untxexa.fd
File: untxexa.fd 2012/04/16 Fontinst v1.933 font definitions for U/ntxexa.
)
LaTeX Font Info:    ... okay on input line 34.
LaTeX Font Info:    Checking defaults for PD1/pdf/m/n on input line 34.
LaTeX Font Info:    ... okay on input line 34.
LaTeX Font Info:    Checking defaults for PU/pdf/m/n on input line 34.
LaTeX Font Info:    ... okay on input line 34.
LaTeX Font Info:    Checking defaults for LMS/ntxsy/m/n on input line 34.
LaTeX Font Info:    Trying to load font information for LMS+ntxsy on input line
 34.

(C:\Users\idris_attal\AppData\Local\Programs\MiKTeX\tex/latex/newtx\lmsntxsy.fd
File: lmsntxsy.fd 2016/07/02 Fontinst v1.933 font definitions for LMS/ntxsy.
)
LaTeX Font Info:    ... okay on input line 34.
LaTeX Font Info:    Checking defaults for LMX/ntxexx/m/n on input line 34.
LaTeX Font Info:    Trying to load font information for LMX+ntxexx on input lin
e 34.

(C:\Users\idris_attal\AppData\Local\Programs\MiKTeX\tex/latex/newtx\lmxntxexx.f
d
File: lmxntxexx.fd 2016/07/03 Fontinst v1.933 font definitions for LMX/ntxexx.
)
LaTeX Font Info:    ... okay on input line 34.
LaTeX Font Info:    Font shape `T1/LinuxLibertineT-TLF/m/n' will be
(Font)              scaled to size 7.0pt on input line 34.
LaTeX Font Info:    Trying to load font information for OT1+LinuxLibertineT-TLF
 on input line 34.

(C:\Users\idris_attal\AppData\Local\Programs\MiKTeX\tex/latex/libertine\ot1linu
xlibertinet-tlf.fd
File: OT1LinuxLibertineT-TLF.fd 2017/03/20 (autoinst) Font definitions for OT1/
LinuxLibertineT-TLF.
)
LaTeX Font Info:    Font shape `OT1/LinuxLibertineT-TLF/m/n' will be
(Font)              scaled to size 7.3pt on input line 34.
<<ot1.cmap>>
LaTeX Font Info:    Font shape `OT1/LinuxLibertineT-TLF/m/n' will be
(Font)              scaled to size 5.5pt on input line 34.
<<oml.cmap>>
LaTeX Font Info:    Trying to load font information for U+msa on input line 34.


(C:\Users\idris_attal\AppData\Local\Programs\MiKTeX\tex/latex/amsfonts\umsa.fd
File: umsa.fd 2013/01/14 v3.01 AMS symbols A
)
LaTeX Font Info:    Trying to load font information for U+msb on input line 34.

(C:\Users\idris_attal\AppData\Local\Programs\MiKTeX\tex/latex/amsfonts\umsb.fd
File: umsb.fd 2013/01/14 v3.01 AMS symbols B
)
LaTeX Font Info:    Trying to load font information for U+ntxmia on input line 
34.
(C:\Users\idris_attal\AppData\Local\Programs\MiKTeX\tex/latex/newtx\untxmia.fd
File: untxmia.fd 2018/04/14 Fontinst v1.933 font definitions for U/ntxmia.
)
LaTeX Font Info:    Trying to load font information for U+ntxsym on input line 
34.
(C:\Users\idris_attal\AppData\Local\Programs\MiKTeX\tex/latex/newtx\untxsym.fd
File: untxsym.fd 2015/03/20 Fontinst v1.933 font definitions for U/ntxsym.
)
LaTeX Font Info:    Trying to load font information for U+ntxsyc on input line 
34.
(C:\Users\idris_attal\AppData\Local\Programs\MiKTeX\tex/latex/newtx\untxsyc.fd
File: untxsyc.fd 2012/04/12 Fontinst v1.933 font definitions for U/ntxsyc.
)
LaTeX Info: Command `\dddot' is already robust on input line 34.
LaTeX Info: Command `\ddddot' is already robust on input line 34.
LaTeX Info: Redefining \microtypecontext on input line 34.
Package microtype Info: Applying patch `item' on input line 34.
Package microtype Info: Applying patch `toc' on input line 34.
Package microtype Info: Applying patch `eqnum' on input line 34.
Package microtype Info: Applying patch `footnote' on input line 34.
Package microtype Info: Generating PDF output.
Package microtype Info: Character protrusion enabled (level 2).
Package microtype Info: Using default protrusion set `alltext'.
Package microtype Info: Automatic font expansion enabled (level 2),
(microtype)             stretch: 20, shrink: 20, step: 1, non-selected.
Package microtype Info: Using default expansion set `alltext-nott'.
LaTeX Info: Redefining \showhyphens on input line 34.
Package microtype Info: No adjustment of tracking.
Package microtype Info: No adjustment of interword spacing.
Package microtype Info: No adjustment of character kerning.
Package microtype Info: Loading generic protrusion settings for font family
(microtype)             `LinuxLibertineT-TLF' (encoding: T1).
(microtype)             For optimal results, create family-specific settings.
(microtype)             See the microtype manual for details.

Package hyperref Warning: Draft mode on.

Package hyperref Info: Link coloring OFF on input line 34.

(C:\Users\idris_attal\AppData\Local\Programs\MiKTeX\tex/context/base/mkii\supp-
pdf.mkii
[Loading MPS to PDF converter (version 2006.09.02).]
\scratchcounter=\count312
\scratchdimen=\dimen259
\scratchbox=\box63
\nofMPsegments=\count313
\nofMParguments=\count314
\everyMPshowfont=\toks40
\MPscratchCnt=\count315
\MPscratchDim=\dimen260
\MPnumerator=\count316
\makeMPintoPDFobject=\count317
\everyMPtoPDFconversion=\toks41
)
(C:\Users\idris_attal\AppData\Local\Programs\MiKTeX\tex/latex/epstopdf-pkg\epst
opdf-base.sty
Package: epstopdf-base 2020-01-24 v2.11 Base part for package epstopdf
Package epstopdf-base Info: Redefining graphics rule for `.eps' on input line 4
85.

(C:\Users\idris_attal\AppData\Local\Programs\MiKTeX\tex/latex/00miktex\epstopdf
-sys.cfg
File: epstopdf-sys.cfg 2021/03/18 v2.0 Configuration of epstopdf for MiKTeX
))
*geometry* driver: auto-detecting
*geometry* detected driver: pdftex
*geometry* verbose mode - [ preamble ] result:
* driver: pdftex
* paper: custom
* layout: <same size as paper>
* layoutoffset:(h,v)=(0.0pt,0.0pt)
* modes: includehead includefoot twoside heightrounded 
* h-part:(L,W,R)=(54.0pt, 506.295pt, 54.0pt)
* v-part:(T,H,B)=(57.0pt, 664.96999pt, 73.0pt)
* \paperwidth=614.295pt
* \paperheight=794.96999pt
* \textwidth=506.295pt
* \textheight=626.0pt
* \oddsidemargin=-18.26999pt
* \evensidemargin=-18.26999pt
* \topmargin=-15.26999pt
* \headheight=13.0pt
* \headsep=14.0pt
* \topskip=10.0pt
* \footskip=12.0pt
* \marginparwidth=24.0pt
* \marginparsep=11.0pt
* \columnsep=24.0pt
* \skip\footins=7.0pt plus 11.0pt
* \hoffset=0.0pt
* \voffset=0.0pt
* \mag=1000
* \@twocolumnfalse
* \@twosidetrue
* \@mparswitchtrue
* \@reversemarginfalse
* (1in=72.27pt=25.4mm, 1cm=28.453pt)

\c@mv@tabular=\count318
\c@mv@boldtabular=\count319

(C:\Users\idris_attal\AppData\Local\Programs\MiKTeX\tex/latex/upquote\upquote.s
ty
Package: upquote 2012/04/19 v1.3 upright-quote and grave-accent glyphs in verba
tim
)
Package caption Info: Begin \AtBeginDocument code.
Package caption Info: float package is loaded.
Package caption Info: End \AtBeginDocument code.
LaTeX Font Info:    Font shape `T1/LinuxLibertineT-TLF/m/n' will be
(Font)              scaled to size 17.28pt on input line 99.
LaTeX Font Info:    Trying to load font information for T1+LinuxBiolinumT-TLF o
n input line 99.

(C:\Users\idris_attal\AppData\Local\Programs\MiKTeX\tex/latex/libertine\t1linux
biolinumt-tlf.fd
File: T1LinuxBiolinumT-TLF.fd 2017/03/20 (autoinst) Font definitions for T1/Lin
uxBiolinumT-TLF.
)
LaTeX Font Info:    Font shape `T1/LinuxBiolinumT-TLF/m/n' will be
(Font)              scaled to size 17.28pt on input line 99.
Package microtype Info: Loading generic protrusion settings for font family
(microtype)             `LinuxBiolinumT-TLF' (encoding: T1).
(microtype)             For optimal results, create family-specific settings.
(microtype)             See the microtype manual for details.
LaTeX Font Info:    Font shape `T1/LinuxBiolinumT-TLF/b/n' will be
(Font)              scaled to size 17.28pt on input line 99.
LaTeX Font Info:    Font shape `T1/LinuxLibertineT-TLF/m/n' will be
(Font)              scaled to size 12.0pt on input line 99.
LaTeX Font Info:    Font shape `T1/LinuxLibertineT-TLF/m/n' will be
(Font)              scaled to size 10.0pt on input line 99.
LaTeX Font Info:    Font shape `OT1/LinuxLibertineT-TLF/m/n' will be
(Font)              scaled to size 10.0pt on input line 99.
Package microtype Info: Loading generic protrusion settings for font family
(microtype)             `LinuxLibertineT-TLF' (encoding: OT1).
(microtype)             For optimal results, create family-specific settings.
(microtype)             See the microtype manual for details.

(C:\Users\idris_attal\AppData\Local\Programs\MiKTeX\tex/latex/microtype\mt-msa.
cfg
File: mt-msa.cfg 2006/02/04 v1.1 microtype config. file: AMS symbols (a) (RS)
)
(C:\Users\idris_attal\AppData\Local\Programs\MiKTeX\tex/latex/microtype\mt-msb.
cfg
File: mt-msb.cfg 2005/06/01 v1.0 microtype config. file: AMS symbols (b) (RS)
)
LaTeX Font Info:    Font shape `T1/LinuxLibertineT-TLF/b/n' will be
(Font)              scaled to size 9.0pt on input line 99.
LaTeX Font Info:    Font shape `T1/LinuxLibertineT-TLF/b/n' will be
(Font)              scaled to size 10.95pt on input line 99.
LaTeX Font Info:    Trying to load font information for TS1+LinuxLibertineT-TLF
 on input line 99.

(C:\Users\idris_attal\AppData\Local\Programs\MiKTeX\tex/latex/libertine\ts1linu
xlibertinet-tlf.fd
File: TS1LinuxLibertineT-TLF.fd 2017/03/20 (autoinst) Font definitions for TS1/
LinuxLibertineT-TLF.
)
LaTeX Font Info:    Font shape `TS1/LinuxLibertineT-TLF/m/n' will be
(Font)              scaled to size 9.0pt on input line 99.
Package microtype Info: Loading generic protrusion settings for font family
(microtype)             `LinuxLibertineT-TLF' (encoding: TS1).
(microtype)             For optimal results, create family-specific settings.
(microtype)             See the microtype manual for details.
LaTeX Font Info:    Font shape `OT1/LinuxLibertineT-TLF/m/n' will be
(Font)              scaled to size 9.0pt on input line 99.
LaTeX Font Info:    Font shape `T1/LinuxLibertineT-TLF/m/it' will be
(Font)              scaled to size 9.0pt on input line 99.

Underfull \vbox (badness 3713) has occurred while \output is active []

 [1.1{C:/Users/idris_attal/AppData/Local/MiKTeX/fonts/map/pdftex/pdftex.map}

]
Underfull \vbox (badness 10000) has occurred while \output is active []



Class acmart Warning: \vspace should only be used to provide space above/below 
surrounding objects on input line 149.


Class acmart Warning: \vspace should only be used to provide space above/below 
surrounding objects on input line 153.

[2.2]
LaTeX Font Info:    Font shape `T1/LinuxBiolinumT-TLF/m/n' will be
(Font)              scaled to size 9.0pt on input line 159.
LaTeX Font Info:    Font shape `T1/LinuxBiolinumT-TLF/m/it' will be
(Font)              scaled to size 9.0pt on input line 159.
LaTeX Font Info:    Font shape `T1/LinuxBiolinumT-TLF/b/it' in size <9> not ava
ilable
(Font)              Font shape `T1/LinuxBiolinumT-TLF/b/sl' tried instead on in
put line 159.
LaTeX Font Info:    Font shape `T1/LinuxBiolinumT-TLF/b/sl' will be
(Font)              scaled to size 9.0pt on input line 159.
<fig/papers_flow.png, id=17, 1750.54pt x 1991.44pt>
File: fig/papers_flow.png Graphic file (type png)
<use fig/papers_flow.png>
Package pdftex.def Info: fig/papers_flow.png  used on input line 194.
(pdftex.def)             Requested size: 241.14749pt x 274.33282pt.


Class acmart Warning: A possible image without description on input line 196.

[3.3 <./fig/papers_flow.png>]
<fig/num_of_paper_by_year.png, id=25, 298.11375pt x 186.19562pt>
File: fig/num_of_paper_by_year.png Graphic file (type png)
<use fig/num_of_paper_by_year.png>
Package pdftex.def Info: fig/num_of_paper_by_year.png  used on input line 209.
(pdftex.def)             Requested size: 241.14749pt x 150.6159pt.


Class acmart Warning: A possible image without description on input line 211.


Underfull \hbox (badness 7468) in paragraph at lines 223--223
[]|\T1/LinuxLibertineT-TLF/m/n/9 (+20) Key ex-plo-ration out-
 []


Underfull \hbox (badness 10000) in paragraph at lines 225--226
\T1/LinuxLibertineT-TLF/m/n/9 (+20) Support the no-tion
 []


Underfull \hbox (badness 10000) in paragraph at lines 225--226
\T1/LinuxLibertineT-TLF/m/n/9 (+20) ment for Re-la-tional
 []


Underfull \hbox (badness 10000) in paragraph at lines 227--228
[]|\T1/LinuxLibertineT-TLF/m/n/9 (+20) [S01][S02][S04][S05]
 []


Underfull \hbox (badness 10000) in paragraph at lines 229--231
\T1/LinuxLibertineT-TLF/m/n/9 (+20) NoSQL han-dle huge
 []


Underfull \hbox (badness 2600) in paragraph at lines 229--231
\T1/LinuxLibertineT-TLF/m/n/9 (+20) NoSQL Per-forms bet-
 []


Underfull \hbox (badness 10000) in paragraph at lines 229--231
\T1/LinuxLibertineT-TLF/m/n/9 (+20) ter than Re-la-tional
 []


Underfull \hbox (badness 10000) in paragraph at lines 231--233
[]|\T1/LinuxLibertineT-TLF/m/n/9 (+20) [S02][S03][S09][S10]
 []


Underfull \hbox (badness 10000) in paragraph at lines 231--233
\T1/LinuxLibertineT-TLF/m/n/9 (+20) [S12][S13][S14][S15]
 []


Underfull \hbox (badness 10000) in paragraph at lines 231--233
\T1/LinuxLibertineT-TLF/m/n/9 (+20) [S16][S17][S18][S19]
 []


Underfull \hbox (badness 3302) in paragraph at lines 234--236
[]|\T1/LinuxLibertineT-TLF/m/n/9 (+20) Each data-base model
 []


Underfull \hbox (badness 3503) in paragraph at lines 234--236
\T1/LinuxLibertineT-TLF/m/n/9 (+20) have ad-van-tages and
 []


Underfull \hbox (badness 10000) in paragraph at lines 236--237
[]|\T1/LinuxLibertineT-TLF/m/n/9 (+20) [S03][S08][S17][S18]
 []


Underfull \vbox (badness 10000) has occurred while \output is active []

<fig/num_of_papers_based_study_type.png, id=26, 337.76187pt x 218.31563pt>
File: fig/num_of_papers_based_study_type.png Graphic file (type png)
<use fig/num_of_papers_based_study_type.png>
Package pdftex.def Info: fig/num_of_papers_based_study_type.png  used on input 
line 252.
(pdftex.def)             Requested size: 241.14749pt x 155.87128pt.


Class acmart Warning: A possible image without description on input line 254.


Underfull \vbox (badness 2310) has occurred while \output is active []

 [4.4 <./fig/num_of_paper_by_year.png>]
<fig/num_conf_and_journal.png, id=30, 266.49562pt x 187.19937pt>
File: fig/num_conf_and_journal.png Graphic file (type png)
<use fig/num_conf_and_journal.png>
Package pdftex.def Info: fig/num_conf_and_journal.png  used on input line 260.
(pdftex.def)             Requested size: 241.14749pt x 169.39764pt.


Class acmart Warning: A possible image without description on input line 262.


Overfull \hbox (6.40387pt too wide) in paragraph at lines 264--265
[]\T1/LinuxLibertineT-TLF/m/n/9 (-20) The overview of study-type clas-si-fi-ca-
tion ver-sus topics-exploration
 []

<fig/methods_base_key_outputs.png, id=31, 352.31625pt x 214.8025pt>
File: fig/methods_base_key_outputs.png Graphic file (type png)
<use fig/methods_base_key_outputs.png>
Package pdftex.def Info: fig/methods_base_key_outputs.png  used on input line 2
70.
(pdftex.def)             Requested size: 241.14749pt x 147.02411pt.

Class acmart Warning: A possible image without description on input line 272.


Overfull \hbox (11.62996pt too wide) in paragraph at lines 276--277
[]\T1/LinuxLibertineT-TLF/m/n/9 (-20) The database-model-type-experiment ex-plo
-ration has been achieved
 []

<fig/database_model_comparison.png, id=32, 357.83687pt x 227.85126pt>
File: fig/database_model_comparison.png Graphic file (type png)
<use fig/database_model_comparison.png>
Package pdftex.def Info: fig/database_model_comparison.png  used on input line 
280.
(pdftex.def)             Requested size: 241.14749pt x 153.55305pt.

Class acmart Warning: A possible image without description on input line 282.

[5.5 <./fig/num_of_papers_based_study_type.png> <./fig/num_conf_and_journal.png
> <./fig/methods_base_key_outputs.png> <./fig/database_model_comparison.png>]
<fig/methods_base_db_model_comparison.png, id=36, 465.74pt x 307.64937pt>
File: fig/methods_base_db_model_comparison.png Graphic file (type png)
<use fig/methods_base_db_model_comparison.png>
Package pdftex.def Info: fig/methods_base_db_model_comparison.png  used on inpu
t line 290.
(pdftex.def)             Requested size: 241.14749pt x 159.29321pt.


Class acmart Warning: A possible image without description on input line 292.

(sample-sigconf.bbl
LaTeX Font Info:    Font shape `T1/LinuxLibertineT-TLF/m/it' will be
(Font)              scaled to size 7.0pt on input line 46.
LaTeX Info: Redefining \tempurl on input line 70.
LaTeX Info: Redefining \tempurl on input line 86.
LaTeX Info: Redefining \tempurl on input line 102.
LaTeX Info: Redefining \tempurl on input line 118.
LaTeX Info: Redefining \tempurl on input line 135.
LaTeX Info: Redefining \tempurl on input line 149.
LaTeX Info: Redefining \tempurl on input line 165.
LaTeX Info: Redefining \tempurl on input line 181.
LaTeX Info: Redefining \tempurl on input line 199.
LaTeX Info: Redefining \tempurl on input line 213.
LaTeX Info: Redefining \tempurl on input line 230.

Underfull \vbox (badness 4279) has occurred while \output is active []

 [6.6 <./fig/methods_base_db_model_comparison.png>]
LaTeX Info: Redefining \tempurl on input line 248.
)
(C:\Users\idris_attal\AppData\Local\Programs\MiKTeX\tex/generic/stringenc\se-pd
fdoc.def
File: se-pdfdoc.def 2019/11/29 v1.12 stringenc: PDFDocEncoding
)
(C:\Users\idris_attal\AppData\Local\Programs\MiKTeX\tex/generic/stringenc\se-ut
f8.def
File: se-utf8.def 2019/11/29 v1.12 stringenc: UTF-8
)

Class acmart Warning: Some images may lack descriptions.

[7.7] (sample-sigconf.aux) ) 
Here is how much of TeX's memory you used:
 21056 strings out of 475385
 350266 string characters out of 2774074
 755525 words of memory out of 3000000
 41530 multiletter control sequences out of 15000+600000
 593767 words of font info for 305 fonts, out of 8000000 for 9000
 1302 hyphenation exceptions out of 8191
 84i,11n,131p,1248b,699s stack positions out of 10000i,1000n,20000p,200000b,80000s
{C:/Users/idris_attal/AppData/Local/Programs/MiKTeX
/fonts/enc/dvips/libertine/lbtn_25tcsq.enc}{C:/Users/idris_attal/AppData/Local/
Programs/MiKTeX/fonts/enc/dvips/libertine/lbtn_7grukw.enc}{C:/Users/idris_attal
/AppData/Local/Programs/MiKTeX/fonts/enc/dvips/libertine/lbtn_naooyc.enc}{C:/Us
ers/idris_attal/AppData/Local/Programs/MiKTeX/fonts/enc/dvips/libertine/lbtn_nh
77jq.enc}{C:/Users/idris_attal/AppData/Local/Programs/MiKTeX/fonts/enc/dvips/li
bertine/lbtn_76gpa5.enc}<C:/Users/idris_attal/AppData/Local/Programs/MiKTeX/fon
ts/type1/public/libertine/LinBiolinumTB.pfb><C:/Users/idris_attal/AppData/Local
/Programs/MiKTeX/fonts/type1/public/libertine/LinBiolinumTBO.pfb><C:/Users/idri
s_attal/AppData/Local/Programs/MiKTeX/fonts/type1/public/libertine/LinBiolinumT
I.pfb><C:/Users/idris_attal/AppData/Local/Programs/MiKTeX/fonts/type1/public/li
bertine/LinLibertineT.pfb><C:/Users/idris_attal/AppData/Local/Programs/MiKTeX/f
onts/type1/public/libertine/LinLibertineTB.pfb><C:/Users/idris_attal/AppData/Lo
cal/Programs/MiKTeX/fonts/type1/public/libertine/LinLibertineTI.pfb><C:/Users/i
dris_attal/AppData/Local/Programs/MiKTeX/fonts/type1/public/newtx/txsys.pfb>
Output written on sample-sigconf.pdf (7 pages, 554896 bytes).
PDF statistics:
 82 PDF objects out of 1000 (max. 8388607)
 0 named destinations out of 1000 (max. 500000)
 63540 words of extra memory for PDF output out of 74296 (max. 10000000)

